c:\agapia\compilerandtools-master\agapia compiler\compiler\compiler\iterativerelease\vc141.pdb
c:\agapia\compilerandtools-master\agapia compiler\compiler\compiler\iterativerelease\inputtypes.obj
c:\agapia\compilerandtools-master\agapia compiler\compiler\compiler\iterativerelease\ifnode.obj
c:\agapia\compilerandtools-master\agapia compiler\compiler\compiler\iterativerelease\fornormal.obj
c:\agapia\compilerandtools-master\agapia compiler\compiler\compiler\iterativerelease\foreachnode.obj
c:\agapia\compilerandtools-master\agapia compiler\compiler\compiler\iterativerelease\expression.obj
c:\agapia\compilerandtools-master\agapia compiler\compiler\compiler\iterativerelease\executionstrategyconcrete_serial.obj
c:\agapia\compilerandtools-master\agapia compiler\compiler\compiler\iterativerelease\executionstrategyconcrete_mpi.obj
c:\agapia\compilerandtools-master\agapia compiler\compiler\compiler\iterativerelease\executionstrategy.obj
c:\agapia\compilerandtools-master\agapia compiler\compiler\compiler\iterativerelease\executionblackbox.obj
c:\agapia\compilerandtools-master\agapia compiler\compiler\compiler\iterativerelease\declarationnode.obj
c:\agapia\compilerandtools-master\agapia compiler\compiler\compiler\iterativerelease\compilationblackbox.obj
c:\agapia\compilerandtools-master\agapia compiler\compiler\compiler\iterativerelease\commonutils.obj
c:\agapia\compilerandtools-master\agapia compiler\compiler\compiler\iterativerelease\codeserializationfactory.obj
c:\agapia\compilerandtools-master\agapia compiler\compiler\compiler\iterativerelease\cmodulecode.obj
c:\agapia\compilerandtools-master\agapia compiler\compiler\compiler\iterativerelease\calc3_utils.obj
c:\agapia\compilerandtools-master\agapia compiler\compiler\compiler\iterativerelease\basenode.obj
c:\agapia\compilerandtools-master\agapia compiler\compiler\compiler\iterativerelease\asignmentnode.obj
c:\agapia\compilerandtools-master\agapia compiler\compiler\compiler\iterativerelease\agapiatoccode_executorimpl.obj
c:\agapia\compilerandtools-master\agapia compiler\compiler\compiler\iterativerelease\agapiatoccode.obj
c:\agapia\compilerandtools-master\agapia compiler\compiler\compiler\iterativerelease\agapiaaiexample.obj
c:\agapia\compilerandtools-master\agapia compiler\compiler\compiler\iterativerelease\whilenode.obj
c:\agapia\compilerandtools-master\agapia compiler\compiler\compiler\iterativerelease\tgareader.obj
c:\agapia\compilerandtools-master\agapia compiler\compiler\compiler\iterativerelease\symboltable.obj
c:\agapia\compilerandtools-master\agapia compiler\compiler\compiler\iterativerelease\streams.obj
c:\agapia\compilerandtools-master\agapia compiler\compiler\compiler\iterativerelease\referencenode.obj
c:\agapia\compilerandtools-master\agapia compiler\compiler\compiler\iterativerelease\profiler.obj
c:\agapia\compilerandtools-master\agapia compiler\compiler\compiler\iterativerelease\parser_yaccwrapper.obj
c:\agapia\compilerandtools-master\agapia compiler\compiler\compiler\iterativerelease\maininputparser.obj
c:\agapia\compilerandtools-master\agapia compiler\compiler\compiler\iterativerelease\main.obj
c:\agapia\compilerandtools-master\agapia compiler\compiler\compiler\iterativerelease\intermediatenode.obj
c:\agapia\compilerandtools-master\agapia compiler\compiler\compiler\iterativerelease\parser_lexwrapper.obj
c:\agapia\compilerandtools-master\agapia compiler\compiler\iterativerelease\compiler.ipdb
c:\agapia\compilerandtools-master\agapia compiler\compiler\iterativerelease\compiler.iobj
c:\agapia\compilerandtools-master\agapia compiler\compiler\iterativerelease\compiler.exe
c:\agapia\compilerandtools-master\agapia compiler\compiler\iterativerelease\compiler.pdb
c:\agapia\compilerandtools-master\agapia compiler\compiler\compiler\iterativerelease\compiler.tlog\cl.command.1.tlog
c:\agapia\compilerandtools-master\agapia compiler\compiler\compiler\iterativerelease\compiler.tlog\cl.read.1.tlog
c:\agapia\compilerandtools-master\agapia compiler\compiler\compiler\iterativerelease\compiler.tlog\cl.write.1.tlog
c:\agapia\compilerandtools-master\agapia compiler\compiler\compiler\iterativerelease\compiler.tlog\compiler.write.1u.tlog
c:\agapia\compilerandtools-master\agapia compiler\compiler\compiler\iterativerelease\compiler.tlog\link.command.1.tlog
c:\agapia\compilerandtools-master\agapia compiler\compiler\compiler\iterativerelease\compiler.tlog\link.read.1.tlog
c:\agapia\compilerandtools-master\agapia compiler\compiler\compiler\iterativerelease\compiler.tlog\link.write.1.tlog
