F:\DROPBOX\AGAPIACOMPILERCOPY\COMPILER\GENERATEAPP\GENERATEAPP\`\GENERATEAPP.EXE
F:\DROPBOX\AGAPIACOMPILERCOPY\COMPILER\GENERATEAPP\GENERATEAPP\RELEASE\GENERATEAPP.EXE.INTERMEDIATE.MANIFEST
F:\DROPBOX\AGAPIACOMPILERCOPY\COMPILER\GENERATEAPP\GENERATEAPP\RELEASE\MAIN.OBJ
F:\DROPBOX\AGAPIACOMPILERCOPY\COMPILER\GENERATEAPP\GENERATEAPP\RELEASE\VC100.PDB
F:\DROPBOX\AGAPIACOMPILERCOPY\COMPILER\GENERATEAPP\RELEASE\GENERATEAPP.EXE
F:\DROPBOX\AGAPIACOMPILERCOPY\COMPILER\GENERATEAPP\RELEASE\GENERATEAPP.PDB
G:\Dropbox\AGAPIACompilerCopy\Compiler\GenerateApp\GenerateApp\Release\cl.command.1.tlog
G:\Dropbox\AGAPIACompilerCopy\Compiler\GenerateApp\GenerateApp\Release\CL.read.1.tlog
G:\Dropbox\AGAPIACompilerCopy\Compiler\GenerateApp\GenerateApp\Release\CL.write.1.tlog
G:\DROPBOX\AGAPIACOMPILERCOPY\COMPILER\GENERATEAPP\GENERATEAPP\RELEASE\GENERATEAPP.EXE.INTERMEDIATE.MANIFEST
G:\Dropbox\AGAPIACompilerCopy\Compiler\GenerateApp\GenerateApp\Release\GenerateApp.write.1.tlog
G:\Dropbox\AGAPIACompilerCopy\Compiler\GenerateApp\GenerateApp\Release\link.command.1.tlog
G:\Dropbox\AGAPIACompilerCopy\Compiler\GenerateApp\GenerateApp\Release\link.read.1.tlog
G:\Dropbox\AGAPIACompilerCopy\Compiler\GenerateApp\GenerateApp\Release\link.write.1.tlog
G:\DROPBOX\AGAPIACOMPILERCOPY\COMPILER\GENERATEAPP\GENERATEAPP\RELEASE\MAIN.OBJ
G:\Dropbox\AGAPIACompilerCopy\Compiler\GenerateApp\GenerateApp\Release\mt.command.1.tlog
G:\Dropbox\AGAPIACompilerCopy\Compiler\GenerateApp\GenerateApp\Release\mt.read.1.tlog
G:\Dropbox\AGAPIACompilerCopy\Compiler\GenerateApp\GenerateApp\Release\mt.write.1.tlog
G:\DROPBOX\AGAPIACOMPILERCOPY\COMPILER\GENERATEAPP\GENERATEAPP\RELEASE\VC100.PDB
G:\DROPBOX\AGAPIACOMPILERCOPY\COMPILER\GENERATEAPP\RELEASE\GENERATEAPP.EXE
G:\DROPBOX\AGAPIACOMPILERCOPY\COMPILER\GENERATEAPP\RELEASE\GENERATEAPP.PDB
