g:\dropbox\agapiacompilercopy\compiler\generateapp\generateapp\debug\main.obj
g:\dropbox\agapiacompilercopy\compiler\generateapp\generateapp\debug\vc100.pdb
c:\users\my\dropbox\agapiacompilercopy - copy\compiler\generateapp\generateapp\debug\main.obj
c:\users\my\dropbox\agapiacompilercopy - copy\compiler\generateapp\generateapp\debug\vc100.pdb
c:\users\cpaduraru\dropbox\agapiacompilercopy2\compiler\generateapp\generateapp\debug\main.obj
c:\users\cpaduraru\dropbox\agapiacompilercopy2\compiler\generateapp\generateapp\debug\vc100.pdb
g:\dropbox\agapiacompilercopy\compiler\generateapp\debug\generateapp.ilk
g:\dropbox\agapiacompilercopy\compiler\generateapp\debug\generateapp.exe
g:\dropbox\agapiacompilercopy\compiler\generateapp\generateapp\debug\generateapp.exe.intermediate.manifest
g:\dropbox\agapiacompilercopy\compiler\generateapp\debug\generateapp.pdb
c:\users\my\dropbox\agapiacompilercopy - copy\compiler\generateapp\debug\generateapp.ilk
c:\users\my\dropbox\agapiacompilercopy - copy\compiler\generateapp\debug\generateapp.exe
c:\users\my\dropbox\agapiacompilercopy - copy\compiler\generateapp\generateapp\debug\generateapp.exe.intermediate.manifest
c:\users\my\dropbox\agapiacompilercopy - copy\compiler\generateapp\debug\generateapp.pdb
c:\users\cpaduraru\dropbox\agapiacompilercopy2\compiler\generateapp\debug\generateapp.ilk
c:\users\cpaduraru\dropbox\agapiacompilercopy2\compiler\generateapp\debug\generateapp.exe
c:\users\cpaduraru\dropbox\agapiacompilercopy2\compiler\generateapp\generateapp\debug\generateapp.exe.intermediate.manifest
c:\users\cpaduraru\dropbox\agapiacompilercopy2\compiler\generateapp\debug\generateapp.pdb
g:\dropbox\agapiacompilercopy\compiler\generateapp\generateapp\debug\generateapp.exe.embed.manifest
c:\users\my\dropbox\agapiacompilercopy - copy\compiler\generateapp\generateapp\debug\generateapp.exe.embed.manifest
c:\users\cpaduraru\dropbox\agapiacompilercopy2\compiler\generateapp\generateapp\debug\generateapp.exe.embed.manifest
g:\dropbox\agapiacompilercopy\compiler\generateapp\generateapp\debug\generateapp.exe.embed.manifest.res
c:\users\my\dropbox\agapiacompilercopy - copy\compiler\generateapp\generateapp\debug\generateapp.exe.embed.manifest.res
c:\users\cpaduraru\dropbox\agapiacompilercopy2\compiler\generateapp\generateapp\debug\generateapp.exe.embed.manifest.res
c:\agapia\compilerandtools-master\compileandbuildtools\generateapp\generateapp\debug\vc141.pdb
c:\agapia\compilerandtools-master\compileandbuildtools\generateapp\generateapp\debug\vc141.idb
c:\agapia\compilerandtools-master\compileandbuildtools\generateapp\generateapp\debug\main.obj
c:\agapia\compilerandtools-master\compileandbuildtools\generateapp\debug\generateapp.exe
c:\agapia\compilerandtools-master\compileandbuildtools\generateapp\debug\generateapp.ilk
c:\agapia\compilerandtools-master\compileandbuildtools\generateapp\debug\generateapp.pdb
c:\agapia\compilerandtools-master\compileandbuildtools\generateapp\generateapp\debug\generateapp.vcxprojresolveassemblyreference.cache
c:\agapia\compilerandtools-master\compileandbuildtools\generateapp\generateapp\debug\cl.command.1.tlog
c:\agapia\compilerandtools-master\compileandbuildtools\generateapp\generateapp\debug\cl.read.1.tlog
c:\agapia\compilerandtools-master\compileandbuildtools\generateapp\generateapp\debug\cl.write.1.tlog
c:\agapia\compilerandtools-master\compileandbuildtools\generateapp\generateapp\debug\generateapp.write.1.tlog
c:\agapia\compilerandtools-master\compileandbuildtools\generateapp\generateapp\debug\link-cvtres.read.1.tlog
c:\agapia\compilerandtools-master\compileandbuildtools\generateapp\generateapp\debug\link-cvtres.write.1.tlog
c:\agapia\compilerandtools-master\compileandbuildtools\generateapp\generateapp\debug\link.5416-cvtres.read.1.tlog
c:\agapia\compilerandtools-master\compileandbuildtools\generateapp\generateapp\debug\link.5416-cvtres.write.1.tlog
c:\agapia\compilerandtools-master\compileandbuildtools\generateapp\generateapp\debug\link.5416.read.1.tlog
c:\agapia\compilerandtools-master\compileandbuildtools\generateapp\generateapp\debug\link.5416.write.1.tlog
c:\agapia\compilerandtools-master\compileandbuildtools\generateapp\generateapp\debug\link.635428-cvtres.read.1.tlog
c:\agapia\compilerandtools-master\compileandbuildtools\generateapp\generateapp\debug\link.635428-cvtres.write.1.tlog
c:\agapia\compilerandtools-master\compileandbuildtools\generateapp\generateapp\debug\link.635428.read.1.tlog
c:\agapia\compilerandtools-master\compileandbuildtools\generateapp\generateapp\debug\link.635428.write.1.tlog
c:\agapia\compilerandtools-master\compileandbuildtools\generateapp\generateapp\debug\link.635576-cvtres.read.1.tlog
c:\agapia\compilerandtools-master\compileandbuildtools\generateapp\generateapp\debug\link.635576-cvtres.write.1.tlog
c:\agapia\compilerandtools-master\compileandbuildtools\generateapp\generateapp\debug\link.635576.read.1.tlog
c:\agapia\compilerandtools-master\compileandbuildtools\generateapp\generateapp\debug\link.635576.write.1.tlog
c:\agapia\compilerandtools-master\compileandbuildtools\generateapp\generateapp\debug\link.6580-cvtres.read.1.tlog
c:\agapia\compilerandtools-master\compileandbuildtools\generateapp\generateapp\debug\link.6580-cvtres.write.1.tlog
c:\agapia\compilerandtools-master\compileandbuildtools\generateapp\generateapp\debug\link.6580.read.1.tlog
c:\agapia\compilerandtools-master\compileandbuildtools\generateapp\generateapp\debug\link.6580.write.1.tlog
c:\agapia\compilerandtools-master\compileandbuildtools\generateapp\generateapp\debug\link.7648-cvtres.read.1.tlog
c:\agapia\compilerandtools-master\compileandbuildtools\generateapp\generateapp\debug\link.7648-cvtres.write.1.tlog
c:\agapia\compilerandtools-master\compileandbuildtools\generateapp\generateapp\debug\link.7648.read.1.tlog
c:\agapia\compilerandtools-master\compileandbuildtools\generateapp\generateapp\debug\link.7648.write.1.tlog
c:\agapia\compilerandtools-master\compileandbuildtools\generateapp\generateapp\debug\link.8636-cvtres.read.1.tlog
c:\agapia\compilerandtools-master\compileandbuildtools\generateapp\generateapp\debug\link.8636-cvtres.write.1.tlog
c:\agapia\compilerandtools-master\compileandbuildtools\generateapp\generateapp\debug\link.8636.read.1.tlog
c:\agapia\compilerandtools-master\compileandbuildtools\generateapp\generateapp\debug\link.8636.write.1.tlog
c:\agapia\compilerandtools-master\compileandbuildtools\generateapp\generateapp\debug\link.command.1.tlog
c:\agapia\compilerandtools-master\compileandbuildtools\generateapp\generateapp\debug\link.read.1.tlog
c:\agapia\compilerandtools-master\compileandbuildtools\generateapp\generateapp\debug\link.write.1.tlog
c:\agapia\compilerandtools-master\compileandbuildtools\generateapp\generateapp\debug\mt.command.1.tlog
c:\agapia\compilerandtools-master\compileandbuildtools\generateapp\generateapp\debug\mt.read.1.tlog
c:\agapia\compilerandtools-master\compileandbuildtools\generateapp\generateapp\debug\mt.write.1.tlog
c:\agapia\compilerandtools-master\compileandbuildtools\generateapp\generateapp\debug\rc.command.1.tlog
c:\agapia\compilerandtools-master\compileandbuildtools\generateapp\generateapp\debug\rc.read.1.tlog
c:\agapia\compilerandtools-master\compileandbuildtools\generateapp\generateapp\debug\rc.write.1.tlog
c:\agapia\compilerandtools-master\compileandbuildtools\generateapp\generateapp\debug\generateapp.exe.embed.manifest
c:\agapia\compilerandtools-master\compileandbuildtools\generateapp\generateapp\debug\generateapp.exe.intermediate.manifest
c:\agapia\compilerandtools-master\compileandbuildtools\generateapp\generateapp\debug\generateapp.exe.embed.manifest.res
c:\agapia\compilerandtools-master\compileandbuildtools\generateapp\generateapp\debug\generateapp_manifest.rc
c:\agapia\compilerandtools-master\compileandbuildtools\generateapp\generateapp\debug\generateapp.tlog\cl.command.1.tlog
c:\agapia\compilerandtools-master\compileandbuildtools\generateapp\generateapp\debug\generateapp.tlog\cl.read.1.tlog
c:\agapia\compilerandtools-master\compileandbuildtools\generateapp\generateapp\debug\generateapp.tlog\cl.write.1.tlog
c:\agapia\compilerandtools-master\compileandbuildtools\generateapp\generateapp\debug\generateapp.tlog\link.command.1.tlog
c:\agapia\compilerandtools-master\compileandbuildtools\generateapp\generateapp\debug\generateapp.tlog\link.read.1.tlog
c:\agapia\compilerandtools-master\compileandbuildtools\generateapp\generateapp\debug\generateapp.tlog\link.write.1.tlog
