F:\DROPBOX\AGAPIACOMPILERCOPY\COMPILER\MODULESANALYZER\MODULESANALYZER\RELEASE\MAIN.OBJ
F:\DROPBOX\AGAPIACOMPILERCOPY\COMPILER\MODULESANALYZER\MODULESANALYZER\RELEASE\PARSERPROCESSESVECTOR.OBJ
F:\DROPBOX\AGAPIACOMPILERCOPY\COMPILER\MODULESANALYZER\MODULESANALYZER\RELEASE\VC110.PDB
F:\DROPBOX\AGAPIACOMPILERCOPY\COMPILER\MODULESANALYZER\RELEASE\MODULESANALYZER.EXE
F:\DROPBOX\AGAPIACOMPILERCOPY\COMPILER\MODULESANALYZER\RELEASE\MODULESANALYZER.PDB
G:\Dropbox\AGAPIACompilerCopy\Compiler\ModulesAnalyzer\ModulesAnalyzer\Release\cl.command.1.tlog
G:\Dropbox\AGAPIACompilerCopy\Compiler\ModulesAnalyzer\ModulesAnalyzer\Release\CL.read.1.tlog
G:\Dropbox\AGAPIACompilerCopy\Compiler\ModulesAnalyzer\ModulesAnalyzer\Release\CL.write.1.tlog
G:\Dropbox\AGAPIACompilerCopy\Compiler\ModulesAnalyzer\ModulesAnalyzer\Release\link.command.1.tlog
G:\Dropbox\AGAPIACompilerCopy\Compiler\ModulesAnalyzer\ModulesAnalyzer\Release\link.read.1.tlog
G:\Dropbox\AGAPIACompilerCopy\Compiler\ModulesAnalyzer\ModulesAnalyzer\Release\link.write.1.tlog
G:\Dropbox\AGAPIACompilerCopy\Compiler\ModulesAnalyzer\ModulesAnalyzer\Release\link-cvtres.read.1.tlog
G:\Dropbox\AGAPIACompilerCopy\Compiler\ModulesAnalyzer\ModulesAnalyzer\Release\link-cvtres.write.1.tlog
G:\Dropbox\AGAPIACompilerCopy\Compiler\ModulesAnalyzer\ModulesAnalyzer\Release\link-rc.read.1.tlog
G:\Dropbox\AGAPIACompilerCopy\Compiler\ModulesAnalyzer\ModulesAnalyzer\Release\link-rc.write.1.tlog
G:\DROPBOX\AGAPIACOMPILERCOPY\COMPILER\MODULESANALYZER\MODULESANALYZER\RELEASE\MAIN.OBJ
G:\DROPBOX\AGAPIACOMPILERCOPY\COMPILER\MODULESANALYZER\MODULESANALYZER\RELEASE\MODULESANALYZER.EXE.INTERMEDIATE.MANIFEST
G:\Dropbox\AGAPIACompilerCopy\Compiler\ModulesAnalyzer\ModulesAnalyzer\Release\ModulesAnalyzer.vcxprojResolveAssemblyReference.cache
G:\Dropbox\AGAPIACompilerCopy\Compiler\ModulesAnalyzer\ModulesAnalyzer\Release\ModulesAnalyzer.write.1.tlog
G:\Dropbox\AGAPIACompilerCopy\Compiler\ModulesAnalyzer\ModulesAnalyzer\Release\mt.command.1.tlog
G:\Dropbox\AGAPIACompilerCopy\Compiler\ModulesAnalyzer\ModulesAnalyzer\Release\mt.read.1.tlog
G:\Dropbox\AGAPIACompilerCopy\Compiler\ModulesAnalyzer\ModulesAnalyzer\Release\mt.write.1.tlog
G:\DROPBOX\AGAPIACOMPILERCOPY\COMPILER\MODULESANALYZER\MODULESANALYZER\RELEASE\PARSERPROCESSESVECTOR.OBJ
G:\DROPBOX\AGAPIACOMPILERCOPY\COMPILER\MODULESANALYZER\MODULESANALYZER\RELEASE\VC100.PDB
G:\Dropbox\AGAPIACompilerCopy\Compiler\ModulesAnalyzer\ModulesAnalyzer\Release\vc110.pdb
G:\DROPBOX\AGAPIACOMPILERCOPY\COMPILER\MODULESANALYZER\RELEASE\MODULESANALYZER.EXE
G:\DROPBOX\AGAPIACOMPILERCOPY\COMPILER\MODULESANALYZER\RELEASE\MODULESANALYZER.PDB
