c:\agapia\compilerandtools-master\agapia compiler\compiler\compiler\debug\vc141.pdb
c:\agapia\compilerandtools-master\agapia compiler\compiler\compiler\debug\vc141.idb
c:\agapia\compilerandtools-master\agapia compiler\compiler\compiler\debug\profiler.obj
c:\agapia\compilerandtools-master\agapia compiler\compiler\compiler\debug\streams.obj
c:\agapia\compilerandtools-master\agapia compiler\compiler\compiler\debug\tgareader.obj
c:\agapia\compilerandtools-master\agapia compiler\compiler\compiler\debug\declarationnode.obj
c:\agapia\compilerandtools-master\agapia compiler\compiler\compiler\debug\executionstrategy.obj
c:\agapia\compilerandtools-master\agapia compiler\compiler\compiler\debug\executionstrategyconcrete_serial.obj
c:\agapia\compilerandtools-master\agapia compiler\compiler\compiler\debug\expression.obj
c:\agapia\compilerandtools-master\agapia compiler\compiler\compiler\debug\fornormal.obj
c:\agapia\compilerandtools-master\agapia compiler\compiler\compiler\debug\ifnode.obj
c:\agapia\compilerandtools-master\agapia compiler\compiler\compiler\debug\intermediatenode.obj
c:\agapia\compilerandtools-master\agapia compiler\compiler\compiler\debug\main.obj
c:\agapia\compilerandtools-master\agapia compiler\compiler\compiler\debug\maininputparser.obj
c:\agapia\compilerandtools-master\agapia compiler\compiler\compiler\debug\referencenode.obj
c:\agapia\compilerandtools-master\agapia compiler\compiler\compiler\debug\symboltable.obj
c:\agapia\compilerandtools-master\agapia compiler\compiler\compiler\debug\agapiaaiexample - copy.obj
c:\agapia\compilerandtools-master\agapia compiler\compiler\compiler\debug\agapiaaiexample.obj
c:\agapia\compilerandtools-master\agapia compiler\compiler\compiler\debug\agapiatoccode_executorimpl - copy.obj
c:\agapia\compilerandtools-master\agapia compiler\compiler\compiler\debug\agapiatoccode_executorimpl.obj
c:\agapia\compilerandtools-master\agapia compiler\compiler\compiler\debug\asignmentnode - copy.obj
c:\agapia\compilerandtools-master\agapia compiler\compiler\compiler\debug\asignmentnode.obj
c:\agapia\compilerandtools-master\agapia compiler\compiler\compiler\debug\basenode - copy.obj
c:\agapia\compilerandtools-master\agapia compiler\compiler\compiler\debug\basenode.obj
c:\agapia\compilerandtools-master\agapia compiler\compiler\compiler\debug\calc3_utils.obj
c:\agapia\compilerandtools-master\agapia compiler\compiler\compiler\debug\codeserializationfactory.obj
c:\agapia\compilerandtools-master\agapia compiler\compiler\compiler\debug\commonutils.obj
c:\agapia\compilerandtools-master\agapia compiler\compiler\compiler\debug\compilationblackbox.obj
c:\agapia\compilerandtools-master\agapia compiler\compiler\compiler\debug\calc3.obj
c:\agapia\compilerandtools-master\agapia compiler\compiler\compiler\debug\cmodulecode.obj
c:\agapia\compilerandtools-master\agapia compiler\compiler\compiler\debug\inputtypes.obj
c:\agapia\compilerandtools-master\agapia compiler\compiler\compiler\debug\foreachnode.obj
c:\agapia\compilerandtools-master\agapia compiler\compiler\compiler\debug\whilenode.obj
c:\agapia\compilerandtools-master\agapia compiler\compiler\compiler\debug\calc3 - copy.obj
c:\agapia\compilerandtools-master\agapia compiler\compiler\compiler\debug\parser_yaccwrapper.obj
c:\agapia\compilerandtools-master\agapia compiler\compiler\compiler\debug\agapiatoccode.obj
c:\agapia\compilerandtools-master\agapia compiler\compiler\compiler\debug\executionblackbox.obj
c:\agapia\compilerandtools-master\agapia compiler\compiler\compiler\debug\executionstrategyconcrete_mpi.obj
c:\agapia\compilerandtools-master\agapia compiler\compiler\compiler\debug\interpretor.obj
c:\agapia\compilerandtools-master\agapia compiler\compiler\compiler\debug\lex.yy.obj
c:\agapia\compilerandtools-master\agapia compiler\compiler\compiler\debug\parser_lexwrapper.obj
c:\agapia\compilerandtools-master\agapia compiler\compiler\debug\compiler.ilk
c:\agapia\compilerandtools-master\agapia compiler\compiler\debug\compiler.exe
c:\agapia\compilerandtools-master\agapia compiler\compiler\debug\compiler.pdb
c:\agapia\compilerandtools-master\agapia compiler\compiler\compiler\debug\compiler.obj
c:\agapia\compilerandtools-master\agapia compiler\compiler\compiler\debug\compiler.tlog\cl.command.1.tlog
c:\agapia\compilerandtools-master\agapia compiler\compiler\compiler\debug\compiler.tlog\cl.read.1.tlog
c:\agapia\compilerandtools-master\agapia compiler\compiler\compiler\debug\compiler.tlog\cl.write.1.tlog
c:\agapia\compilerandtools-master\agapia compiler\compiler\compiler\debug\compiler.tlog\link-cvtres.read.1.tlog
c:\agapia\compilerandtools-master\agapia compiler\compiler\compiler\debug\compiler.tlog\link-cvtres.write.1.tlog
c:\agapia\compilerandtools-master\agapia compiler\compiler\compiler\debug\compiler.tlog\link-rc.read.1.tlog
c:\agapia\compilerandtools-master\agapia compiler\compiler\compiler\debug\compiler.tlog\link-rc.write.1.tlog
c:\agapia\compilerandtools-master\agapia compiler\compiler\compiler\debug\compiler.tlog\link.99452-cvtres.read.1.tlog
c:\agapia\compilerandtools-master\agapia compiler\compiler\compiler\debug\compiler.tlog\link.99452-cvtres.write.1.tlog
c:\agapia\compilerandtools-master\agapia compiler\compiler\compiler\debug\compiler.tlog\link.99452-rc.read.1.tlog
c:\agapia\compilerandtools-master\agapia compiler\compiler\compiler\debug\compiler.tlog\link.99452-rc.write.1.tlog
c:\agapia\compilerandtools-master\agapia compiler\compiler\compiler\debug\compiler.tlog\link.99452.read.1.tlog
c:\agapia\compilerandtools-master\agapia compiler\compiler\compiler\debug\compiler.tlog\link.99452.write.1.tlog
c:\agapia\compilerandtools-master\agapia compiler\compiler\compiler\debug\compiler.tlog\link.command.1.tlog
c:\agapia\compilerandtools-master\agapia compiler\compiler\compiler\debug\compiler.tlog\link.read.1.tlog
c:\agapia\compilerandtools-master\agapia compiler\compiler\compiler\debug\compiler.tlog\link.write.1.tlog
