  AgapiaToCCode.cpp
C:\AGAPIA\CompilerAndTools\CompileAndBuildTools\Compiler\AgapiaToCCode.cpp(89): warning C4244: 'initializing': conversion from 'double' to 'int', possible loss of data
C:\AGAPIA\CompilerAndTools\CompileAndBuildTools\Compiler\AgapiaToCCode.cpp(157): warning C4244: 'initializing': conversion from 'double' to 'int', possible loss of data
  AgapiaToCCode_ExecutorImpl.cpp
  ASIGNMENTNode.cpp
  BaseNode.cpp
  calc3_utils.cpp
  CModuleCode.cpp
  CodeSerializationFactory.cpp
  CommonUtils.cpp
  CompilationBlackbox.cpp
  DECLARATIONNode.cpp
  ExecutionBlackbox.cpp
  ExecutionStrategy.cpp
  ExecutionStrategyConcrete_MPI.cpp
  ExecutionStrategyConcrete_Serial.cpp
  Expression.cpp
  FOREachNode.cpp
  FORNormal.cpp
  IFNode.cpp
  InputTypes.cpp
  INTERMEDIATENode.cpp
  Generating Code...
  Compiling...
  main.cpp
  MainInputParser.cpp
  Parser_YaccWrapper.cpp
  Profiler.cpp
  ReferenceNode.cpp
  Streams.cpp
  SymbolTable.cpp
  WHILENode.cpp
  Generating Code...
  Parser_LexWrapper.c
  Compiler.vcxproj -> C:\AGAPIA\CompilerAndTools\CompileAndBuildTools\DistributedDebug_Compiler\Compiler.exe
