c:\agapia\compilerandtools-master\agapia compiler\compiler\compiler\distributeddebug_compiler\vc141.pdb
c:\agapia\compilerandtools-master\agapia compiler\compiler\compiler\distributeddebug_compiler\vc141.idb
c:\agapia\compilerandtools-master\agapia compiler\compiler\compiler\distributeddebug_compiler\declarationnode.obj
c:\agapia\compilerandtools-master\agapia compiler\compiler\compiler\distributeddebug_compiler\executionblackbox.obj
c:\agapia\compilerandtools-master\agapia compiler\compiler\compiler\distributeddebug_compiler\executionstrategy.obj
c:\agapia\compilerandtools-master\agapia compiler\compiler\compiler\distributeddebug_compiler\executionstrategyconcrete_mpi.obj
c:\agapia\compilerandtools-master\agapia compiler\compiler\compiler\distributeddebug_compiler\executionstrategyconcrete_serial.obj
c:\agapia\compilerandtools-master\agapia compiler\compiler\compiler\distributeddebug_compiler\expression.obj
c:\agapia\compilerandtools-master\agapia compiler\compiler\compiler\distributeddebug_compiler\foreachnode.obj
c:\agapia\compilerandtools-master\agapia compiler\compiler\compiler\distributeddebug_compiler\fornormal.obj
c:\agapia\compilerandtools-master\agapia compiler\compiler\compiler\distributeddebug_compiler\ifnode.obj
c:\agapia\compilerandtools-master\agapia compiler\compiler\compiler\distributeddebug_compiler\inputtypes.obj
c:\agapia\compilerandtools-master\agapia compiler\compiler\compiler\distributeddebug_compiler\intermediatenode.obj
c:\agapia\compilerandtools-master\agapia compiler\compiler\compiler\distributeddebug_compiler\main.obj
c:\agapia\compilerandtools-master\agapia compiler\compiler\compiler\distributeddebug_compiler\maininputparser.obj
c:\agapia\compilerandtools-master\agapia compiler\compiler\compiler\distributeddebug_compiler\parser_yaccwrapper.obj
c:\agapia\compilerandtools-master\agapia compiler\compiler\compiler\distributeddebug_compiler\profiler.obj
c:\agapia\compilerandtools-master\agapia compiler\compiler\compiler\distributeddebug_compiler\referencenode.obj
c:\agapia\compilerandtools-master\agapia compiler\compiler\compiler\distributeddebug_compiler\streams.obj
c:\agapia\compilerandtools-master\agapia compiler\compiler\compiler\distributeddebug_compiler\symboltable.obj
c:\agapia\compilerandtools-master\agapia compiler\compiler\compiler\distributeddebug_compiler\tgareader.obj
c:\agapia\compilerandtools-master\agapia compiler\compiler\compiler\distributeddebug_compiler\whilenode.obj
c:\agapia\compilerandtools-master\agapia compiler\compiler\compiler\distributeddebug_compiler\agapiaaiexample.obj
c:\agapia\compilerandtools-master\agapia compiler\compiler\compiler\distributeddebug_compiler\agapiatoccode.obj
c:\agapia\compilerandtools-master\agapia compiler\compiler\compiler\distributeddebug_compiler\agapiatoccode_executorimpl.obj
c:\agapia\compilerandtools-master\agapia compiler\compiler\compiler\distributeddebug_compiler\asignmentnode.obj
c:\agapia\compilerandtools-master\agapia compiler\compiler\compiler\distributeddebug_compiler\basenode.obj
c:\agapia\compilerandtools-master\agapia compiler\compiler\compiler\distributeddebug_compiler\calc3_utils.obj
c:\agapia\compilerandtools-master\agapia compiler\compiler\compiler\distributeddebug_compiler\cmodulecode.obj
c:\agapia\compilerandtools-master\agapia compiler\compiler\compiler\distributeddebug_compiler\codeserializationfactory.obj
c:\agapia\compilerandtools-master\agapia compiler\compiler\compiler\distributeddebug_compiler\commonutils.obj
c:\agapia\compilerandtools-master\agapia compiler\compiler\compiler\distributeddebug_compiler\compilationblackbox.obj
c:\agapia\compilerandtools-master\agapia compiler\compiler\compiler\distributeddebug_compiler\parser_lexwrapper.obj
c:\agapia\compilerandtools-master\agapia compiler\compiler\distributeddebug_compiler\compiler.ilk
c:\agapia\compilerandtools-master\agapia compiler\compiler\distributeddebug_compiler\compiler.exe
c:\agapia\compilerandtools-master\agapia compiler\compiler\distributeddebug_compiler\compiler.pdb
c:\agapia\compilerandtools-master\agapia compiler\compiler\compiler\distributeddebug_compiler\compiler.tlog\cl.command.1.tlog
c:\agapia\compilerandtools-master\agapia compiler\compiler\compiler\distributeddebug_compiler\compiler.tlog\cl.read.1.tlog
c:\agapia\compilerandtools-master\agapia compiler\compiler\compiler\distributeddebug_compiler\compiler.tlog\cl.write.1.tlog
c:\agapia\compilerandtools-master\agapia compiler\compiler\compiler\distributeddebug_compiler\compiler.tlog\link.command.1.tlog
c:\agapia\compilerandtools-master\agapia compiler\compiler\compiler\distributeddebug_compiler\compiler.tlog\link.read.1.tlog
c:\agapia\compilerandtools-master\agapia compiler\compiler\compiler\distributeddebug_compiler\compiler.tlog\link.write.1.tlog
